NOTE: Picked up JDK_JAVA_OPTIONS:  --add-opens=java.base/java.lang=ALL-UNNAMED --add-opens=java.base/java.lang.invoke=ALL-UNNAMED --add-opens=java.base/java.lang.reflect=ALL-UNNAMED --add-opens=java.base/java.io=ALL-UNNAMED --add-opens=java.base/java.util=ALL-UNNAMED --add-opens=java.base/java.util.concurrent=ALL-UNNAMED --add-opens=java.rmi/sun.rmi.transport=ALL-UNNAMED
18-Jul-2025 15:13:35.531 INFO [main] org.apache.catalina.startup.VersionLoggerListener.log Server version name:   Apache Tomcat/9.0.107
18-Jul-2025 15:13:35.532 INFO [main] org.apache.catalina.startup.VersionLoggerListener.log Server built:          Jul 2 2025 07:01:03 UTC
18-Jul-2025 15:13:35.532 INFO [main] org.apache.catalina.startup.VersionLoggerListener.log Server version number: 9.0.107.0
18-Jul-2025 15:13:35.532 INFO [main] org.apache.catalina.startup.VersionLoggerListener.log OS Name:               Mac OS X
18-Jul-2025 15:13:35.532 INFO [main] org.apache.catalina.startup.VersionLoggerListener.log OS Version:            14.3
18-Jul-2025 15:13:35.532 INFO [main] org.apache.catalina.startup.VersionLoggerListener.log Architecture:          aarch64
18-Jul-2025 15:13:35.532 INFO [main] org.apache.catalina.startup.VersionLoggerListener.log Java Home:             /opt/homebrew/Cellar/openjdk@11/11.0.27/libexec/openjdk.jdk/Contents/Home
18-Jul-2025 15:13:35.532 INFO [main] org.apache.catalina.startup.VersionLoggerListener.log JVM Version:           11.0.27+0
18-Jul-2025 15:13:35.532 INFO [main] org.apache.catalina.startup.VersionLoggerListener.log JVM Vendor:            Homebrew
18-Jul-2025 15:13:35.532 INFO [main] org.apache.catalina.startup.VersionLoggerListener.log CATALINA_BASE:         /Users/vedikaagarwal/tomcat9
18-Jul-2025 15:13:35.532 INFO [main] org.apache.catalina.startup.VersionLoggerListener.log CATALINA_HOME:         /Users/vedikaagarwal/tomcat9
18-Jul-2025 15:13:35.565 INFO [main] org.apache.catalina.startup.VersionLoggerListener.log Command line argument: --add-opens=java.base/java.lang=ALL-UNNAMED
18-Jul-2025 15:13:35.565 INFO [main] org.apache.catalina.startup.VersionLoggerListener.log Command line argument: --add-opens=java.base/java.lang.invoke=ALL-UNNAMED
18-Jul-2025 15:13:35.566 INFO [main] org.apache.catalina.startup.VersionLoggerListener.log Command line argument: --add-opens=java.base/java.lang.reflect=ALL-UNNAMED
18-Jul-2025 15:13:35.566 INFO [main] org.apache.catalina.startup.VersionLoggerListener.log Command line argument: --add-opens=java.base/java.io=ALL-UNNAMED
18-Jul-2025 15:13:35.566 INFO [main] org.apache.catalina.startup.VersionLoggerListener.log Command line argument: --add-opens=java.base/java.util=ALL-UNNAMED
18-Jul-2025 15:13:35.566 INFO [main] org.apache.catalina.startup.VersionLoggerListener.log Command line argument: --add-opens=java.base/java.util.concurrent=ALL-UNNAMED
18-Jul-2025 15:13:35.566 INFO [main] org.apache.catalina.startup.VersionLoggerListener.log Command line argument: --add-opens=java.rmi/sun.rmi.transport=ALL-UNNAMED
18-Jul-2025 15:13:35.566 INFO [main] org.apache.catalina.startup.VersionLoggerListener.log Command line argument: -Djava.util.logging.config.file=/Users/vedikaagarwal/tomcat9/conf/logging.properties
18-Jul-2025 15:13:35.566 INFO [main] org.apache.catalina.startup.VersionLoggerListener.log Command line argument: -Djava.util.logging.manager=org.apache.juli.ClassLoaderLogManager
18-Jul-2025 15:13:35.566 INFO [main] org.apache.catalina.startup.VersionLoggerListener.log Command line argument: -Djdk.tls.ephemeralDHKeySize=2048
18-Jul-2025 15:13:35.566 INFO [main] org.apache.catalina.startup.VersionLoggerListener.log Command line argument: -Djava.protocol.handler.pkgs=org.apache.catalina.webresources
18-Jul-2025 15:13:35.566 INFO [main] org.apache.catalina.startup.VersionLoggerListener.log Command line argument: -Dsun.io.useCanonCaches=false
18-Jul-2025 15:13:35.566 INFO [main] org.apache.catalina.startup.VersionLoggerListener.log Command line argument: -Dorg.apache.catalina.security.SecurityListener.UMASK=0027
18-Jul-2025 15:13:35.566 INFO [main] org.apache.catalina.startup.VersionLoggerListener.log Command line argument: -Dignore.endorsed.dirs=
18-Jul-2025 15:13:35.566 INFO [main] org.apache.catalina.startup.VersionLoggerListener.log Command line argument: -Dcatalina.base=/Users/vedikaagarwal/tomcat9
18-Jul-2025 15:13:35.566 INFO [main] org.apache.catalina.startup.VersionLoggerListener.log Command line argument: -Dcatalina.home=/Users/vedikaagarwal/tomcat9
18-Jul-2025 15:13:35.566 INFO [main] org.apache.catalina.startup.VersionLoggerListener.log Command line argument: -Djava.io.tmpdir=/Users/vedikaagarwal/tomcat9/temp
18-Jul-2025 15:13:35.570 INFO [main] org.apache.catalina.core.AprLifecycleListener.lifecycleEvent The Apache Tomcat Native library which allows using OpenSSL was not found on the java.library.path: [/Users/vedikaagarwal/Library/Java/Extensions:/Library/Java/Extensions:/Network/Library/Java/Extensions:/System/Library/Java/Extensions:/usr/lib/java:.]
18-Jul-2025 15:13:35.687 INFO [main] org.apache.coyote.AbstractProtocol.init Initializing ProtocolHandler ["http-nio-8080"]
18-Jul-2025 15:13:35.716 INFO [main] org.apache.catalina.startup.Catalina.load Server initialization in [257] milliseconds
18-Jul-2025 15:13:35.736 INFO [main] org.apache.catalina.core.StandardService.startInternal Starting service [Catalina]
18-Jul-2025 15:13:35.736 INFO [main] org.apache.catalina.core.StandardEngine.startInternal Starting Servlet engine: [Apache Tomcat/9.0.107]
18-Jul-2025 15:13:35.739 INFO [main] org.apache.catalina.startup.HostConfig.deployDirectory Deploying web application directory [/Users/vedikaagarwal/tomcat9/webapps/docs]
18-Jul-2025 15:13:35.869 INFO [main] org.apache.catalina.startup.HostConfig.deployDirectory Deployment of web application directory [/Users/vedikaagarwal/tomcat9/webapps/docs] has finished in [129] ms
18-Jul-2025 15:13:35.869 INFO [main] org.apache.catalina.startup.HostConfig.deployDirectory Deploying web application directory [/Users/vedikaagarwal/tomcat9/webapps/manager]
18-Jul-2025 15:13:35.879 INFO [main] org.apache.catalina.startup.HostConfig.deployDirectory Deployment of web application directory [/Users/vedikaagarwal/tomcat9/webapps/manager] has finished in [10] ms
18-Jul-2025 15:13:35.879 INFO [main] org.apache.catalina.startup.HostConfig.deployDirectory Deploying web application directory [/Users/vedikaagarwal/tomcat9/webapps/examples]
18-Jul-2025 15:13:35.948 INFO [main] org.apache.catalina.startup.HostConfig.deployDirectory Deployment of web application directory [/Users/vedikaagarwal/tomcat9/webapps/examples] has finished in [69] ms
18-Jul-2025 15:13:35.948 INFO [main] org.apache.catalina.startup.HostConfig.deployDirectory Deploying web application directory [/Users/vedikaagarwal/tomcat9/webapps/ROOT]
18-Jul-2025 15:13:35.957 INFO [main] org.apache.catalina.startup.HostConfig.deployDirectory Deployment of web application directory [/Users/vedikaagarwal/tomcat9/webapps/ROOT] has finished in [9] ms
18-Jul-2025 15:13:35.957 INFO [main] org.apache.catalina.startup.HostConfig.deployDirectory Deploying web application directory [/Users/vedikaagarwal/tomcat9/webapps/host-manager]
18-Jul-2025 15:13:35.964 INFO [main] org.apache.catalina.startup.HostConfig.deployDirectory Deployment of web application directory [/Users/vedikaagarwal/tomcat9/webapps/host-manager] has finished in [7] ms
18-Jul-2025 15:13:35.966 INFO [main] org.apache.coyote.AbstractProtocol.start Starting ProtocolHandler ["http-nio-8080"]
18-Jul-2025 15:13:35.972 INFO [main] org.apache.catalina.startup.Catalina.start Server startup in [255] milliseconds
18-Jul-2025 15:14:01.371 INFO [http-nio-8080-exec-2] org.apache.coyote.http11.Http11Processor.service Error parsing HTTP request header
 Note: further occurrences of HTTP request parsing errors will be logged at DEBUG level.
	java.lang.IllegalArgumentException: Invalid character found in method name [0x160x030x010x060xd20x010x000x060xce0x030x03,0xd9Yw0x7fY0xa00xd9zy#0x820x0d)?&@50xf70xec0xe10xb20xf4e0xf30x0aV0xf3"0xb6Oa ]. HTTP method names must be tokens
		at org.apache.coyote.http11.Http11InputBuffer.parseRequestLine(Http11InputBuffer.java:404)
		at org.apache.coyote.http11.Http11Processor.service(Http11Processor.java:270)
		at org.apache.coyote.AbstractProcessorLight.process(AbstractProcessorLight.java:63)
		at org.apache.coyote.AbstractProtocol$ConnectionHandler.process(AbstractProtocol.java:935)
		at org.apache.tomcat.util.net.NioEndpoint$SocketProcessor.doRun(NioEndpoint.java:1826)
		at org.apache.tomcat.util.net.SocketProcessorBase.run(SocketProcessorBase.java:52)
		at org.apache.tomcat.util.threads.ThreadPoolExecutor.runWorker(ThreadPoolExecutor.java:1189)
		at org.apache.tomcat.util.threads.ThreadPoolExecutor$Worker.run(ThreadPoolExecutor.java:658)
		at org.apache.tomcat.util.threads.TaskThread$WrappingRunnable.run(TaskThread.java:63)
		at java.base/java.lang.Thread.run(Thread.java:829)
18-Jul-2025 15:23:16.404 INFO [Catalina-utility-1] org.apache.catalina.startup.HostConfig.deployDirectory Deploying web application directory [/Users/vedikaagarwal/tomcat9/webapps/mygallery]
18-Jul-2025 15:23:16.430 INFO [Catalina-utility-1] org.apache.catalina.startup.HostConfig.deployDirectory Deployment of web application directory [/Users/vedikaagarwal/tomcat9/webapps/mygallery] has finished in [26] ms
